2024-04-18 00:00:27,535 [ERROR] LogOutputStream:75 - [STDERR_REDIRECT] Apr 18, 2024 12:00:27 AM java.util.prefs.FileSystemPreferences checkLockFile0ErrorCode
2024-04-18 00:00:27,556 [ERROR] LogOutputStream:75 - [STDERR_REDIRECT] WARNING: Could not lock System prefs. Unix error code 2060976419.
2024-04-18 00:00:27,557 [ERROR] LogOutputStream:75 - [STDERR_REDIRECT] 
2024-04-18 00:00:27,558 [ERROR] LogOutputStream:75 - [STDERR_REDIRECT] Apr 18, 2024 12:00:27 AM java.util.prefs.FileSystemPreferences syncWorld
2024-04-18 00:00:27,562 [ERROR] LogOutputStream:75 - [STDERR_REDIRECT] WARNING: Couldn't flush system prefs: java.util.prefs.BackingStoreException: Couldn't get file lock.
2024-04-18 00:00:27,564 [ERROR] LogOutputStream:75 - [STDERR_REDIRECT] 
2024-04-18 00:00:57,540 [ERROR] LogOutputStream:75 - [STDERR_REDIRECT] Apr 18, 2024 12:00:57 AM java.util.prefs.FileSystemPreferences checkLockFile0ErrorCode
2024-04-18 00:00:57,540 [ERROR] LogOutputStream:75 - [STDERR_REDIRECT] WARNING: Could not lock System prefs. Unix error code 2060976419.
2024-04-18 00:00:57,541 [ERROR] LogOutputStream:75 - [STDERR_REDIRECT] 
2024-04-18 00:00:57,542 [ERROR] LogOutputStream:75 - [STDERR_REDIRECT] Apr 18, 2024 12:00:57 AM java.util.prefs.FileSystemPreferences syncWorld
2024-04-18 00:00:57,542 [ERROR] LogOutputStream:75 - [STDERR_REDIRECT] WARNING: Couldn't flush system prefs: java.util.prefs.BackingStoreException: Couldn't get file lock.
2024-04-18 00:00:57,543 [ERROR] LogOutputStream:75 - [STDERR_REDIRECT] 
2024-04-18 00:01:27,534 [ERROR] LogOutputStream:75 - [STDERR_REDIRECT] Apr 18, 2024 12:01:27 AM java.util.prefs.FileSystemPreferences checkLockFile0ErrorCode
2024-04-18 00:01:27,535 [ERROR] LogOutputStream:75 - [STDERR_REDIRECT] WARNING: Could not lock System prefs. Unix error code 2060976419.
2024-04-18 00:01:27,535 [ERROR] LogOutputStream:75 - [STDERR_REDIRECT] 
2024-04-18 00:01:27,541 [ERROR] LogOutputStream:75 - [STDERR_REDIRECT] Apr 18, 2024 12:01:27 AM java.util.prefs.FileSystemPreferences syncWorld
2024-04-18 00:01:27,543 [ERROR] LogOutputStream:75 - [STDERR_REDIRECT] WARNING: Couldn't flush system prefs: java.util.prefs.BackingStoreException: Couldn't get file lock.
2024-04-18 00:01:27,544 [ERROR] LogOutputStream:75 - [STDERR_REDIRECT] 
2024-04-18 00:01:57,546 [ERROR] LogOutputStream:75 - [STDERR_REDIRECT] Apr 18, 2024 12:01:57 AM java.util.prefs.FileSystemPreferences checkLockFile0ErrorCode
2024-04-18 00:01:57,547 [ERROR] LogOutputStream:75 - [STDERR_REDIRECT] WARNING: Could not lock System prefs. Unix error code 2060976419.
2024-04-18 00:01:57,548 [ERROR] LogOutputStream:75 - [STDERR_REDIRECT] 
2024-04-18 00:01:57,549 [ERROR] LogOutputStream:75 - [STDERR_REDIRECT] Apr 18, 2024 12:01:57 AM java.util.prefs.FileSystemPreferences syncWorld
2024-04-18 00:01:57,549 [ERROR] LogOutputStream:75 - [STDERR_REDIRECT] WARNING: Couldn't flush system prefs: java.util.prefs.BackingStoreException: Couldn't get file lock.
2024-04-18 00:01:57,550 [ERROR] LogOutputStream:75 - [STDERR_REDIRECT] 
2024-04-18 00:02:27,538 [ERROR] LogOutputStream:75 - [STDERR_REDIRECT] Apr 18, 2024 12:02:27 AM java.util.prefs.FileSystemPreferences checkLockFile0ErrorCode
2024-04-18 00:02:27,538 [ERROR] LogOutputStream:75 - [STDERR_REDIRECT] WARNING: Could not lock System prefs. Unix error code 2060976419.
2024-04-18 00:02:27,538 [ERROR] LogOutputStream:75 - [STDERR_REDIRECT] 
2024-04-18 00:02:27,540 [ERROR] LogOutputStream:75 - [STDERR_REDIRECT] Apr 18, 2024 12:02:27 AM java.util.prefs.FileSystemPreferences syncWorld
2024-04-18 00:02:27,540 [ERROR] LogOutputStream:75 - [STDERR_REDIRECT] WARNING: Couldn't flush system prefs: java.util.prefs.BackingStoreException: Couldn't get file lock.
2024-04-18 00:02:27,541 [ERROR] LogOutputStream:75 - [STDERR_REDIRECT] 
2024-04-18 00:02:57,536 [ERROR] LogOutputStream:75 - [STDERR_REDIRECT] Apr 18, 2024 12:02:57 AM java.util.prefs.FileSystemPreferences checkLockFile0ErrorCode
2024-04-18 00:02:57,536 [ERROR] LogOutputStream:75 - [STDERR_REDIRECT] WARNING: Could not lock System prefs. Unix error code 2060976419.
2024-04-18 00:02:57,541 [ERROR] LogOutputStream:75 - [STDERR_REDIRECT] 
2024-04-18 00:02:57,543 [ERROR] LogOutputStream:75 - [STDERR_REDIRECT] Apr 18, 2024 12:02:57 AM java.util.prefs.FileSystemPreferences syncWorld
2024-04-18 00:02:57,543 [ERROR] LogOutputStream:75 - [STDERR_REDIRECT] WARNING: Couldn't flush system prefs: java.util.prefs.BackingStoreException: Couldn't get file lock.
2024-04-18 00:02:57,544 [ERROR] LogOutputStream:75 - [STDERR_REDIRECT] 
2024-04-18 00:03:27,536 [ERROR] LogOutputStream:75 - [STDERR_REDIRECT] Apr 18, 2024 12:03:27 AM java.util.prefs.FileSystemPreferences checkLockFile0ErrorCode
2024-04-18 00:03:27,536 [ERROR] LogOutputStream:75 - [STDERR_REDIRECT] WARNING: Could not lock System prefs. Unix error code 2060976419.
2024-04-18 00:03:27,537 [ERROR] LogOutputStream:75 - [STDERR_REDIRECT] 
2024-04-18 00:03:27,537 [ERROR] LogOutputStream:75 - [STDERR_REDIRECT] Apr 18, 2024 12:03:27 AM java.util.prefs.FileSystemPreferences syncWorld
2024-04-18 00:03:27,538 [ERROR] LogOutputStream:75 - [STDERR_REDIRECT] WARNING: Couldn't flush system prefs: java.util.prefs.BackingStoreException: Couldn't get file lock.
2024-04-18 00:03:27,538 [ERROR] LogOutputStream:75 - [STDERR_REDIRECT] 
2024-04-18 00:03:57,537 [ERROR] LogOutputStream:75 - [STDERR_REDIRECT] Apr 18, 2024 12:03:57 AM java.util.prefs.FileSystemPreferences checkLockFile0ErrorCode
2024-04-18 00:03:57,537 [ERROR] LogOutputStream:75 - [STDERR_REDIRECT] WARNING: Could not lock System prefs. Unix error code 2060976419.
2024-04-18 00:03:57,538 [ERROR] LogOutputStream:75 - [STDERR_REDIRECT] 
2024-04-18 00:03:57,539 [ERROR] LogOutputStream:75 - [STDERR_REDIRECT] Apr 18, 2024 12:03:57 AM java.util.prefs.FileSystemPreferences syncWorld
2024-04-18 00:03:57,540 [ERROR] LogOutputStream:75 - [STDERR_REDIRECT] WARNING: Couldn't flush system prefs: java.util.prefs.BackingStoreException: Couldn't get file lock.
2024-04-18 00:03:57,540 [ERROR] LogOutputStream:75 - [STDERR_REDIRECT] 
2024-04-18 00:04:27,537 [ERROR] LogOutputStream:75 - [STDERR_REDIRECT] Apr 18, 2024 12:04:27 AM java.util.prefs.FileSystemPreferences checkLockFile0ErrorCode
2024-04-18 00:04:27,537 [ERROR] LogOutputStream:75 - [STDERR_REDIRECT] WARNING: Could not lock System prefs. Unix error code 2060976419.
2024-04-18 00:04:27,537 [ERROR] LogOutputStream:75 - [STDERR_REDIRECT] 
2024-04-18 00:04:27,538 [ERROR] LogOutputStream:75 - [STDERR_REDIRECT] Apr 18, 2024 12:04:27 AM java.util.prefs.FileSystemPreferences syncWorld
2024-04-18 00:04:27,538 [ERROR] LogOutputStream:75 - [STDERR_REDIRECT] WARNING: Couldn't flush system prefs: java.util.prefs.BackingStoreException: Couldn't get file lock.
2024-04-18 00:04:27,538 [ERROR] LogOutputStream:75 - [STDERR_REDIRECT] 
2024-04-18 00:04:57,538 [ERROR] LogOutputStream:75 - [STDERR_REDIRECT] Apr 18, 2024 12:04:57 AM java.util.prefs.FileSystemPreferences checkLockFile0ErrorCode
2024-04-18 00:04:57,539 [ERROR] LogOutputStream:75 - [STDERR_REDIRECT] WARNING: Could not lock System prefs. Unix error code 2060976419.
2024-04-18 00:04:57,541 [ERROR] LogOutputStream:75 - [STDERR_REDIRECT] 
2024-04-18 00:04:57,542 [ERROR] LogOutputStream:75 - [STDERR_REDIRECT] Apr 18, 2024 12:04:57 AM java.util.prefs.FileSystemPreferences syncWorld
2024-04-18 00:04:57,542 [ERROR] LogOutputStream:75 - [STDERR_REDIRECT] WARNING: Couldn't flush system prefs: java.util.prefs.BackingStoreException: Couldn't get file lock.
2024-04-18 00:04:57,543 [ERROR] LogOutputStream:75 - [STDERR_REDIRECT] 
2024-04-18 00:05:27,546 [ERROR] LogOutputStream:75 - [STDERR_REDIRECT] Apr 18, 2024 12:05:27 AM java.util.prefs.FileSystemPreferences checkLockFile0ErrorCode
2024-04-18 00:05:27,549 [ERROR] LogOutputStream:75 - [STDERR_REDIRECT] WARNING: Could not lock System prefs. Unix error code 2060976419.
2024-04-18 00:05:27,555 [ERROR] LogOutputStream:75 - [STDERR_REDIRECT] 
2024-04-18 00:05:27,560 [ERROR] LogOutputStream:75 - [STDERR_REDIRECT] Apr 18, 2024 12:05:27 AM java.util.prefs.FileSystemPreferences syncWorld
2024-04-18 00:05:27,561 [ERROR] LogOutputStream:75 - [STDERR_REDIRECT] WARNING: Couldn't flush system prefs: java.util.prefs.BackingStoreException: Couldn't get file lock.
2024-04-18 00:05:27,562 [ERROR] LogOutputStream:75 - [STDERR_REDIRECT] 
2024-04-18 00:05:57,550 [ERROR] LogOutputStream:75 - [STDERR_REDIRECT] Apr 18, 2024 12:05:57 AM java.util.prefs.FileSystemPreferences checkLockFile0ErrorCode
2024-04-18 00:05:57,551 [ERROR] LogOutputStream:75 - [STDERR_REDIRECT] WARNING: Could not lock System prefs. Unix error code 2060976419.
2024-04-18 00:05:57,554 [ERROR] LogOutputStream:75 - [STDERR_REDIRECT] 
2024-04-18 00:05:57,557 [ERROR] LogOutputStream:75 - [STDERR_REDIRECT] Apr 18, 2024 12:05:57 AM java.util.prefs.FileSystemPreferences syncWorld
2024-04-18 00:05:57,559 [ERROR] LogOutputStream:75 - [STDERR_REDIRECT] WARNING: Couldn't flush system prefs: java.util.prefs.BackingStoreException: Couldn't get file lock.
2024-04-18 00:05:57,562 [ERROR] LogOutputStream:75 - [STDERR_REDIRECT] 
2024-04-18 00:06:27,588 [ERROR] LogOutputStream:75 - [STDERR_REDIRECT] Apr 18, 2024 12:06:27 AM java.util.prefs.FileSystemPreferences checkLockFile0ErrorCode
2024-04-18 00:06:27,588 [ERROR] LogOutputStream:75 - [STDERR_REDIRECT] WARNING: Could not lock System prefs. Unix error code 2060976419.
2024-04-18 00:06:27,589 [ERROR] LogOutputStream:75 - [STDERR_REDIRECT] 
2024-04-18 00:06:27,591 [ERROR] LogOutputStream:75 - [STDERR_REDIRECT] Apr 18, 2024 12:06:27 AM java.util.prefs.FileSystemPreferences syncWorld
2024-04-18 00:06:27,592 [ERROR] LogOutputStream:75 - [STDERR_REDIRECT] WARNING: Couldn't flush system prefs: java.util.prefs.BackingStoreException: Couldn't get file lock.
2024-04-18 00:06:27,593 [ERROR] LogOutputStream:75 - [STDERR_REDIRECT] 
2024-04-18 00:06:57,544 [ERROR] LogOutputStream:75 - [STDERR_REDIRECT] Apr 18, 2024 12:06:57 AM java.util.prefs.FileSystemPreferences checkLockFile0ErrorCode
2024-04-18 00:06:57,546 [ERROR] LogOutputStream:75 - [STDERR_REDIRECT] WARNING: Could not lock System prefs. Unix error code 2060976419.
2024-04-18 00:06:57,547 [ERROR] LogOutputStream:75 - [STDERR_REDIRECT] 
2024-04-18 00:06:57,548 [ERROR] LogOutputStream:75 - [STDERR_REDIRECT] Apr 18, 2024 12:06:57 AM java.util.prefs.FileSystemPreferences syncWorld
2024-04-18 00:06:57,549 [ERROR] LogOutputStream:75 - [STDERR_REDIRECT] WARNING: Couldn't flush system prefs: java.util.prefs.BackingStoreException: Couldn't get file lock.
2024-04-18 00:06:57,549 [ERROR] LogOutputStream:75 - [STDERR_REDIRECT] 
2024-04-18 00:07:27,546 [ERROR] LogOutputStream:75 - [STDERR_REDIRECT] Apr 18, 2024 12:07:27 AM java.util.prefs.FileSystemPreferences checkLockFile0ErrorCode
2024-04-18 00:07:27,546 [ERROR] LogOutputStream:75 - [STDERR_REDIRECT] WARNING: Could not lock System prefs. Unix error code 2060976419.
2024-04-18 00:07:27,546 [ERROR] LogOutputStream:75 - [STDERR_REDIRECT] 
2024-04-18 00:07:27,547 [ERROR] LogOutputStream:75 - [STDERR_REDIRECT] Apr 18, 2024 12:07:27 AM java.util.prefs.FileSystemPreferences syncWorld
2024-04-18 00:07:27,548 [ERROR] LogOutputStream:75 - [STDERR_REDIRECT] WARNING: Couldn't flush system prefs: java.util.prefs.BackingStoreException: Couldn't get file lock.
2024-04-18 00:07:27,548 [ERROR] LogOutputStream:75 - [STDERR_REDIRECT] 
2024-04-18 00:07:57,545 [ERROR] LogOutputStream:75 - [STDERR_REDIRECT] Apr 18, 2024 12:07:57 AM java.util.prefs.FileSystemPreferences checkLockFile0ErrorCode
2024-04-18 00:07:57,545 [ERROR] LogOutputStream:75 - [STDERR_REDIRECT] WARNING: Could not lock System prefs. Unix error code 2060976419.
2024-04-18 00:07:57,545 [ERROR] LogOutputStream:75 - [STDERR_REDIRECT] 
2024-04-18 00:07:57,546 [ERROR] LogOutputStream:75 - [STDERR_REDIRECT] Apr 18, 2024 12:07:57 AM java.util.prefs.FileSystemPreferences syncWorld
2024-04-18 00:07:57,546 [ERROR] LogOutputStream:75 - [STDERR_REDIRECT] WARNING: Couldn't flush system prefs: java.util.prefs.BackingStoreException: Couldn't get file lock.
2024-04-18 00:07:57,546 [ERROR] LogOutputStream:75 - [STDERR_REDIRECT] 
2024-04-18 00:08:27,549 [ERROR] LogOutputStream:75 - [STDERR_REDIRECT] Apr 18, 2024 12:08:27 AM java.util.prefs.FileSystemPreferences checkLockFile0ErrorCode
2024-04-18 00:08:27,550 [ERROR] LogOutputStream:75 - [STDERR_REDIRECT] WARNING: Could not lock System prefs. Unix error code 2060976419.
2024-04-18 00:08:27,550 [ERROR] LogOutputStream:75 - [STDERR_REDIRECT] 
2024-04-18 00:08:27,552 [ERROR] LogOutputStream:75 - [STDERR_REDIRECT] Apr 18, 2024 12:08:27 AM java.util.prefs.FileSystemPreferences syncWorld
2024-04-18 00:08:27,553 [ERROR] LogOutputStream:75 - [STDERR_REDIRECT] WARNING: Couldn't flush system prefs: java.util.prefs.BackingStoreException: Couldn't get file lock.
2024-04-18 00:08:27,554 [ERROR] LogOutputStream:75 - [STDERR_REDIRECT] 
2024-04-18 00:08:57,551 [ERROR] LogOutputStream:75 - [STDERR_REDIRECT] Apr 18, 2024 12:08:57 AM java.util.prefs.FileSystemPreferences checkLockFile0ErrorCode
2024-04-18 00:08:57,552 [ERROR] LogOutputStream:75 - [STDERR_REDIRECT] WARNING: Could not lock System prefs. Unix error code 2060976419.
2024-04-18 00:08:57,552 [ERROR] LogOutputStream:75 - [STDERR_REDIRECT] 
2024-04-18 00:08:57,553 [ERROR] LogOutputStream:75 - [STDERR_REDIRECT] Apr 18, 2024 12:08:57 AM java.util.prefs.FileSystemPreferences syncWorld
2024-04-18 00:08:57,553 [ERROR] LogOutputStream:75 - [STDERR_REDIRECT] WARNING: Couldn't flush system prefs: java.util.prefs.BackingStoreException: Couldn't get file lock.
2024-04-18 00:08:57,553 [ERROR] LogOutputStream:75 - [STDERR_REDIRECT] 
2024-04-18 00:09:27,547 [ERROR] LogOutputStream:75 - [STDERR_REDIRECT] Apr 18, 2024 12:09:27 AM java.util.prefs.FileSystemPreferences checkLockFile0ErrorCode
2024-04-18 00:09:27,548 [ERROR] LogOutputStream:75 - [STDERR_REDIRECT] WARNING: Could not lock System prefs. Unix error code 2060976419.
2024-04-18 00:09:27,548 [ERROR] LogOutputStream:75 - [STDERR_REDIRECT] 
2024-04-18 00:09:27,549 [ERROR] LogOutputStream:75 - [STDERR_REDIRECT] Apr 18, 2024 12:09:27 AM java.util.prefs.FileSystemPreferences syncWorld
2024-04-18 00:09:27,550 [ERROR] LogOutputStream:75 - [STDERR_REDIRECT] WARNING: Couldn't flush system prefs: java.util.prefs.BackingStoreException: Couldn't get file lock.
2024-04-18 00:09:27,550 [ERROR] LogOutputStream:75 - [STDERR_REDIRECT] 
2024-04-18 00:09:57,547 [ERROR] LogOutputStream:75 - [STDERR_REDIRECT] Apr 18, 2024 12:09:57 AM java.util.prefs.FileSystemPreferences checkLockFile0ErrorCode
2024-04-18 00:09:57,547 [ERROR] LogOutputStream:75 - [STDERR_REDIRECT] WARNING: Could not lock System prefs. Unix error code 2060976419.
2024-04-18 00:09:57,548 [ERROR] LogOutputStream:75 - [STDERR_REDIRECT] 
2024-04-18 00:09:57,550 [ERROR] LogOutputStream:75 - [STDERR_REDIRECT] Apr 18, 2024 12:09:57 AM java.util.prefs.FileSystemPreferences syncWorld
2024-04-18 00:09:57,552 [ERROR] LogOutputStream:75 - [STDERR_REDIRECT] WARNING: Couldn't flush system prefs: java.util.prefs.BackingStoreException: Couldn't get file lock.
2024-04-18 00:09:57,553 [ERROR] LogOutputStream:75 - [STDERR_REDIRECT] 
2024-04-18 00:10:08,876 [ERROR] LogOutputStream:75 - [STDERR_REDIRECT] 
2024-04-18 00:10:08,878 [ERROR] LogOutputStream:75 - [STDERR_REDIRECT] 
2024-04-18 00:10:42,761 [INFO] Activator:176 - 


2024-04-18 00:10:42,765 [INFO] Activator:177 - !SESSION log4j initialized
2024-04-18 00:10:49,492 [INFO] LogOutputStream:77 - [STDOUT_REDIRECT] 
2024-04-18 00:10:58,585 [INFO] ApplicationProperties:184 - Using Application install path: /opt/st/stm32cubeide_1.14.0/plugins/com.st.stm32cube.common.mx_6.10.0.202311202037
2024-04-18 00:10:58,624 [INFO] DbMcusXml:78 - Set database path to: /opt/st/stm32cubeide_1.14.0/plugins/com.st.stm32cube.common.mx_6.10.0.202311202037//db//mcu/
2024-04-18 00:10:58,625 [INFO] ApiDb:274 - Set plugin database path to: /opt/st/stm32cubeide_1.14.0/plugins/com.st.stm32cube.common.mx_6.10.0.202311202037//db//plugins/boardmanager/
2024-04-18 00:10:58,626 [WARN] ApiDb:259 - Overriding images path with different value:  => /opt/st/stm32cubeide_1.14.0/plugins/com.st.stm32cube.common.mx_6.10.0.202311202037//db//plugins/mcufinder/images/
2024-04-18 00:10:58,650 [INFO] ApiDb:250 - Set database path to: /home/jv/.stmcufinder/plugins/mcufinder//mcu/
2024-04-18 00:10:58,652 [INFO] DbMcusAds:125 - Set database path to: /home/jv/.stmcufinder/plugins/mcufinder//mcu/
2024-04-18 00:10:58,659 [INFO] CrossReferenceDbSqlite:203 - Set database path to: /home/jv/.stmcufinder/plugins/mcufinder//mcu/cs/
2024-04-18 00:10:58,975 [INFO] RulesReader:64 - Compatibility file has been processed (297 Rules)
2024-04-18 00:10:59,500 [INFO] DbMcusXml:78 - Set database path to: /opt/st/stm32cubeide_1.14.0/plugins/com.st.stm32cube.common.mx_6.10.0.202311202037//db//mcu/
2024-04-18 00:10:59,500 [INFO] ApiDb:274 - Set plugin database path to: /opt/st/stm32cubeide_1.14.0/plugins/com.st.stm32cube.common.mx_6.10.0.202311202037//db//plugins/boardmanager/
2024-04-18 00:10:59,501 [INFO] ApiDb:261 - Set plugin images path to: /opt/st/stm32cubeide_1.14.0/plugins/com.st.stm32cube.common.mx_6.10.0.202311202037//db//plugins/mcufinder/images/
2024-04-18 00:10:59,501 [WARN] DbFile:41 - Overriding database path with different value: /home/jv/.stmcufinder/plugins/mcufinder/ => /home/jv/.stmcufinder/plugins/mcufinder
2024-04-18 00:10:59,502 [INFO] ApiDb:250 - Set database path to: /home/jv/.stmcufinder/plugins/mcufinder//mcu/
2024-04-18 00:10:59,503 [WARN] DbFile:41 - Overriding database path with different value: /home/jv/.stmcufinder/plugins/mcufinder/ => /home/jv/.stmcufinder/plugins/mcufinder
2024-04-18 00:10:59,503 [INFO] DbMcusAds:125 - Set database path to: /home/jv/.stmcufinder/plugins/mcufinder//mcu/
2024-04-18 00:10:59,503 [WARN] DbFile:41 - Overriding database path with different value: /home/jv/.stmcufinder/plugins/mcufinder/ => /home/jv/.stmcufinder/plugins/mcufinder
2024-04-18 00:10:59,503 [WARN] DbFile:41 - Overriding database path with different value: /home/jv/.stmcufinder/plugins/mcufinder/ => /home/jv/.stmcufinder/plugins/mcufinder
2024-04-18 00:10:59,503 [INFO] CrossReferenceDbSqlite:203 - Set database path to: /home/jv/.stmcufinder/plugins/mcufinder//mcu/cs/
2024-04-18 00:10:59,713 [INFO] MainPanel:264 - HeapMemory: 268435456
2024-04-18 00:11:00,036 [INFO] DbMcusXml:78 - Set database path to: /opt/st/stm32cubeide_1.14.0/plugins/com.st.stm32cube.common.mx_6.10.0.202311202037//db//mcu/
2024-04-18 00:11:00,044 [INFO] ApiDb:274 - Set plugin database path to: /opt/st/stm32cubeide_1.14.0/plugins/com.st.stm32cube.common.mx_6.10.0.202311202037//db//plugins/boardmanager/
2024-04-18 00:11:00,045 [INFO] ApiDb:261 - Set plugin images path to: /opt/st/stm32cubeide_1.14.0/plugins/com.st.stm32cube.common.mx_6.10.0.202311202037//db//plugins/mcufinder/images/
2024-04-18 00:11:00,046 [WARN] DbFile:41 - Overriding database path with different value: /home/jv/.stmcufinder/plugins/mcufinder/ => /home/jv/.stmcufinder/plugins/mcufinder
2024-04-18 00:11:00,047 [INFO] ApiDb:250 - Set database path to: /home/jv/.stmcufinder/plugins/mcufinder//mcu/
2024-04-18 00:11:00,047 [WARN] DbFile:41 - Overriding database path with different value: /home/jv/.stmcufinder/plugins/mcufinder/ => /home/jv/.stmcufinder/plugins/mcufinder
2024-04-18 00:11:00,047 [INFO] DbMcusAds:125 - Set database path to: /home/jv/.stmcufinder/plugins/mcufinder//mcu/
2024-04-18 00:11:00,047 [WARN] DbFile:41 - Overriding database path with different value: /home/jv/.stmcufinder/plugins/mcufinder/ => /home/jv/.stmcufinder/plugins/mcufinder
2024-04-18 00:11:00,048 [WARN] DbFile:41 - Overriding database path with different value: /home/jv/.stmcufinder/plugins/mcufinder/ => /home/jv/.stmcufinder/plugins/mcufinder
2024-04-18 00:11:00,048 [INFO] CrossReferenceDbSqlite:203 - Set database path to: /home/jv/.stmcufinder/plugins/mcufinder//mcu/cs/
2024-04-18 00:11:00,203 [INFO] ApplicationProperties:184 - Using Application install path: /opt/st/stm32cubeide_1.14.0/plugins/com.st.stm32cube.common.mx_6.10.0.202311202037
2024-04-18 00:11:00,212 [INFO] PluginManage:196 - Search for loadable plugins [exclusion list=, ]
2024-04-18 00:11:00,220 [INFO] PluginManage:310 - Check plugin analytics
2024-04-18 00:11:01,037 [INFO] AnalyticsPlugin:253 - Accepted Software Licenses: 
2024-04-18 00:11:01,040 [INFO] AnalyticsPlugin:255 - Accepted CMSIS Pack Licenses: 
2024-04-18 00:11:01,041 [INFO] AnalyticsPlugin:257 - Accepted Firmware Licenses: FW.F4.1.28.0
2024-04-18 00:11:01,059 [INFO] PluginManage:359 - Loaded plugin analytics (category:tool,tabindex:-1)
2024-04-18 00:11:01,060 [INFO] PluginManage:310 - Check plugin cadmodel
2024-04-18 00:11:01,174 [INFO] CADModel:105 - Init CAD model plugin
2024-04-18 00:11:01,175 [INFO] PluginManage:359 - Loaded plugin cadmodel (category:power,tabindex:5)
2024-04-18 00:11:01,176 [INFO] PluginManage:310 - Check plugin clock
2024-04-18 00:11:01,269 [INFO] PluginManage:359 - Loaded plugin clock (category:base,tabindex:2)
2024-04-18 00:11:01,269 [INFO] PluginManage:310 - Check plugin ddr
2024-04-18 00:11:01,290 [INFO] PluginManage:359 - Loaded plugin ddr (category:tool,tabindex:6)
2024-04-18 00:11:01,302 [INFO] PluginManage:310 - Check plugin filemanager
2024-04-18 00:11:01,615 [INFO] PluginManage:359 - Loaded plugin filemanager (category:base,tabindex:10)
2024-04-18 00:11:01,615 [INFO] PluginManage:310 - Check plugin ipmanager
2024-04-18 00:11:01,633 [INFO] PluginManage:359 - Loaded plugin ipmanager (category:base,tabindex:5)
2024-04-18 00:11:01,634 [INFO] PluginManage:310 - Check plugin lpbam
2024-04-18 00:11:01,666 [INFO] PluginManage:359 - Loaded plugin lpbam (category:base,tabindex:0)
2024-04-18 00:11:01,667 [INFO] PluginManage:310 - Check plugin memorymap
2024-04-18 00:11:01,703 [INFO] PluginManage:359 - Loaded plugin memorymap (category:base,tabindex:4)
2024-04-18 00:11:01,704 [INFO] PluginManage:310 - Check plugin pinoutandconfiguration
2024-04-18 00:11:01,723 [INFO] PluginManage:359 - Loaded plugin pinoutandconfiguration (category:base,tabindex:1)
2024-04-18 00:11:01,724 [INFO] PluginManage:310 - Check plugin pinoutconfig
2024-04-18 00:11:01,873 [WARN] SupportedApi:132 - Cannot load RTOS API schema: s4s-elt-must-match.1: The content of 'definitions' must match (annotation?, (simpleType | complexType)?, (unique | key | keyref)*)). A problem was found starting at: attribute.
2024-04-18 00:11:02,548 [INFO] PluginManage:359 - Loaded plugin pinoutconfig (category:base,tabindex:0)
2024-04-18 00:11:02,548 [INFO] PluginManage:310 - Check plugin power
2024-04-18 00:11:02,584 [INFO] PluginManage:359 - Loaded plugin power (category:power,tabindex:4)
2024-04-18 00:11:02,585 [INFO] PluginManage:310 - Check plugin projectmanager
2024-04-18 00:11:02,631 [INFO] PluginManage:359 - Loaded plugin projectmanager (category:projectmanager,tabindex:3)
2024-04-18 00:11:02,631 [INFO] PluginManage:310 - Check plugin thirdparty
2024-04-18 00:11:02,973 [INFO] PluginManage:359 - Loaded plugin thirdparty (category:base,tabindex:-1)
2024-04-18 00:11:02,973 [INFO] PluginManage:310 - Check plugin tools
2024-04-18 00:11:02,979 [INFO] PluginManage:359 - Loaded plugin tools (category:base,tabindex:7)
2024-04-18 00:11:02,980 [INFO] PluginManage:310 - Check plugin tutovideos
2024-04-18 00:11:02,982 [WARN] IntegrityCheckThread:84 - waiting for thirdparty lock release [integrity check]
2024-04-18 00:11:02,983 [INFO] IntegrityCheckThread:86 - entering critical section [integrity check]
2024-04-18 00:11:02,987 [INFO] ThirdPartyUpdaterWithRetryManager:70 - Updater plugin not ready yet. [1/15]
2024-04-18 00:11:03,612 [INFO] PluginManage:359 - Loaded plugin tutovideos (category:base,tabindex:-1)
2024-04-18 00:11:03,612 [INFO] PluginManage:310 - Check plugin updater
2024-04-18 00:11:03,640 [INFO] PluginManage:359 - Loaded plugin updater (category:base,tabindex:12)
2024-04-18 00:11:03,640 [INFO] PluginManage:310 - Check plugin userauth
2024-04-18 00:11:03,655 [INFO] UserAuth:114 - Init User Auth plugin
2024-04-18 00:11:03,656 [INFO] PluginManage:359 - Loaded plugin userauth (category:base,tabindex:14)
2024-04-18 00:11:03,657 [INFO] PluginManage:283 - PluginManage : Loaded plugins [17]
2024-04-18 00:11:04,369 [INFO] PinOutPanel:1499 - setPackage(No Configuration,No Configuration)
2024-04-18 00:11:04,541 [INFO] CADModel:165 - CPN selected for project level
2024-04-18 00:11:04,542 [INFO] CADModel:114 - Register for checkConnection events
2024-04-18 00:11:04,560 [INFO] IPUIPlugin:80 - create IPUIPlugin
2024-04-18 00:11:04,561 [INFO] PluginManager:220 - loadIPPluginJar : add dma3
2024-04-18 00:11:04,564 [INFO] IPUIPlugin:80 - create IPUIPlugin
2024-04-18 00:11:04,564 [INFO] PluginManager:220 - loadIPPluginJar : add ucpd
2024-04-18 00:11:04,566 [INFO] IPUIPlugin:80 - create IPUIPlugin
2024-04-18 00:11:04,567 [INFO] PluginManager:220 - loadIPPluginJar : add genericplugin
2024-04-18 00:11:04,574 [INFO] IPUIPlugin:80 - create IPUIPlugin
2024-04-18 00:11:04,576 [INFO] PluginManager:220 - loadIPPluginJar : add i3c
2024-04-18 00:11:04,583 [INFO] IPUIPlugin:80 - create IPUIPlugin
2024-04-18 00:11:04,583 [INFO] PluginManager:220 - loadIPPluginJar : add nvic
2024-04-18 00:11:04,588 [INFO] IPUIPlugin:80 - create IPUIPlugin
2024-04-18 00:11:04,588 [INFO] PluginManager:220 - loadIPPluginJar : add usart
2024-04-18 00:11:04,596 [INFO] IPUIPlugin:80 - create IPUIPlugin
2024-04-18 00:11:04,596 [INFO] PluginManager:220 - loadIPPluginJar : add dma
2024-04-18 00:11:04,600 [INFO] IPUIPlugin:80 - create IPUIPlugin
2024-04-18 00:11:04,600 [INFO] PluginManager:220 - loadIPPluginJar : add cryp
2024-04-18 00:11:04,605 [INFO] IPUIPlugin:80 - create IPUIPlugin
2024-04-18 00:11:04,605 [INFO] PluginManager:220 - loadIPPluginJar : add gfxmmu
2024-04-18 00:11:04,608 [INFO] IPUIPlugin:80 - create IPUIPlugin
2024-04-18 00:11:04,608 [INFO] PluginManager:220 - loadIPPluginJar : add hash
2024-04-18 00:11:04,611 [INFO] IPUIPlugin:80 - create IPUIPlugin
2024-04-18 00:11:04,611 [INFO] PluginManager:220 - loadIPPluginJar : add tim
2024-04-18 00:11:04,614 [INFO] IPUIPlugin:80 - create IPUIPlugin
2024-04-18 00:11:04,615 [INFO] PluginManager:220 - loadIPPluginJar : add ts
2024-04-18 00:11:04,622 [INFO] IPUIPlugin:80 - create IPUIPlugin
2024-04-18 00:11:04,623 [INFO] PluginManager:220 - loadIPPluginJar : add tracer_emb
2024-04-18 00:11:04,632 [INFO] IPUIPlugin:80 - create IPUIPlugin
2024-04-18 00:11:04,632 [INFO] PluginManager:220 - loadIPPluginJar : add gtzc
2024-04-18 00:11:04,648 [INFO] IPUIPlugin:80 - create IPUIPlugin
2024-04-18 00:11:04,648 [INFO] PluginManager:220 - loadIPPluginJar : add mdma
2024-04-18 00:11:04,654 [INFO] IPUIPlugin:80 - create IPUIPlugin
2024-04-18 00:11:04,654 [INFO] PluginManager:220 - loadIPPluginJar : add can
2024-04-18 00:11:04,661 [INFO] IPUIPlugin:80 - create IPUIPlugin
2024-04-18 00:11:04,661 [INFO] PluginManager:220 - loadIPPluginJar : add touchsensing
2024-04-18 00:11:04,671 [INFO] IPUIPlugin:80 - create IPUIPlugin
2024-04-18 00:11:04,671 [INFO] PluginManager:220 - loadIPPluginJar : add resmgrutility
2024-04-18 00:11:04,674 [INFO] IPUIPlugin:80 - create IPUIPlugin
2024-04-18 00:11:04,674 [INFO] PluginManager:220 - loadIPPluginJar : add quadspi
2024-04-18 00:11:04,677 [INFO] IPUIPlugin:80 - create IPUIPlugin
2024-04-18 00:11:04,679 [INFO] PluginManager:220 - loadIPPluginJar : add ltdc
2024-04-18 00:11:04,685 [INFO] IPUIPlugin:80 - create IPUIPlugin
2024-04-18 00:11:04,685 [INFO] PluginManager:220 - loadIPPluginJar : add ipddr
2024-04-18 00:11:04,689 [INFO] IPUIPlugin:80 - create IPUIPlugin
2024-04-18 00:11:04,690 [INFO] PluginManager:220 - loadIPPluginJar : add dfsdm
2024-04-18 00:11:04,694 [INFO] IPUIPlugin:80 - create IPUIPlugin
2024-04-18 00:11:04,695 [INFO] PluginManager:220 - loadIPPluginJar : add lorawan
2024-04-18 00:11:04,699 [INFO] IPUIPlugin:80 - create IPUIPlugin
2024-04-18 00:11:04,701 [INFO] PluginManager:220 - loadIPPluginJar : add i2c
2024-04-18 00:11:04,711 [INFO] IPUIPlugin:80 - create IPUIPlugin
2024-04-18 00:11:04,713 [INFO] PluginManager:220 - loadIPPluginJar : add linkedlist
2024-04-18 00:11:04,726 [INFO] IPUIPlugin:80 - create IPUIPlugin
2024-04-18 00:11:04,727 [INFO] PluginManager:220 - loadIPPluginJar : add adc
2024-04-18 00:11:04,732 [INFO] IPUIPlugin:80 - create IPUIPlugin
2024-04-18 00:11:04,732 [INFO] PluginManager:220 - loadIPPluginJar : add pdm2pcm
2024-04-18 00:11:04,738 [INFO] IPUIPlugin:80 - create IPUIPlugin
2024-04-18 00:11:04,739 [INFO] PluginManager:220 - loadIPPluginJar : add sai
2024-04-18 00:11:04,744 [INFO] IPUIPlugin:80 - create IPUIPlugin
2024-04-18 00:11:04,744 [INFO] PluginManager:220 - loadIPPluginJar : add openamp
2024-04-18 00:11:04,757 [INFO] IPUIPlugin:80 - create IPUIPlugin
2024-04-18 00:11:04,764 [INFO] PluginManager:220 - loadIPPluginJar : add plateformsettings
2024-04-18 00:11:04,780 [INFO] IPUIPlugin:80 - create IPUIPlugin
2024-04-18 00:11:04,781 [INFO] PluginManager:220 - loadIPPluginJar : add freertos
2024-04-18 00:11:04,788 [INFO] IPUIPlugin:80 - create IPUIPlugin
2024-04-18 00:11:04,788 [INFO] PluginManager:220 - loadIPPluginJar : add usbx
2024-04-18 00:11:04,794 [INFO] IPUIPlugin:80 - create IPUIPlugin
2024-04-18 00:11:04,794 [INFO] PluginManager:220 - loadIPPluginJar : add i2s
2024-04-18 00:11:04,798 [INFO] IPUIPlugin:80 - create IPUIPlugin
2024-04-18 00:11:04,798 [INFO] PluginManager:220 - loadIPPluginJar : add aes
2024-04-18 00:11:04,802 [INFO] IPUIPlugin:80 - create IPUIPlugin
2024-04-18 00:11:04,802 [INFO] PluginManager:220 - loadIPPluginJar : add spi
2024-04-18 00:11:04,811 [INFO] IPUIPlugin:80 - create IPUIPlugin
2024-04-18 00:11:04,811 [INFO] PluginManager:220 - loadIPPluginJar : add gpio
2024-04-18 00:11:04,819 [INFO] IPUIPlugin:80 - create IPUIPlugin
2024-04-18 00:11:04,819 [INFO] PluginManager:220 - loadIPPluginJar : add stm32_wpan
2024-04-18 00:11:04,823 [INFO] IPUIPlugin:80 - create IPUIPlugin
2024-04-18 00:11:04,823 [INFO] PluginManager:220 - loadIPPluginJar : add tsc
2024-04-18 00:11:04,827 [INFO] IPUIPlugin:80 - create IPUIPlugin
2024-04-18 00:11:04,828 [INFO] PluginManager:220 - loadIPPluginJar : add opamp
2024-04-18 00:11:04,843 [INFO] IPUIPlugin:80 - create IPUIPlugin
2024-04-18 00:11:04,843 [INFO] PluginManager:220 - loadIPPluginJar : add gic
2024-04-18 00:11:04,849 [INFO] IPUIPlugin:80 - create IPUIPlugin
2024-04-18 00:11:04,849 [INFO] PluginManager:220 - loadIPPluginJar : add comp
2024-04-18 00:11:04,867 [INFO] IPUIPlugin:80 - create IPUIPlugin
2024-04-18 00:11:04,867 [INFO] PluginManager:220 - loadIPPluginJar : add fmc
2024-04-18 00:11:04,880 [INFO] IPUIPlugin:80 - create IPUIPlugin
2024-04-18 00:11:04,881 [INFO] PluginManager:220 - loadIPPluginJar : add fatfs
2024-04-18 00:11:05,128 [INFO] CADModel:165 - CPN selected for project level
2024-04-18 00:11:05,129 [INFO] CADModel:114 - Register for checkConnection events
2024-04-18 00:11:05,130 [FATAL] Updater:308 - Updater called before beeing initialized
2024-04-18 00:11:05,132 [ERROR] CADModel:125 - Updater not yet initialized, retry later 
2024-04-18 00:11:05,726 [INFO] CADModel:165 - CPN selected for project level
2024-04-18 00:11:05,726 [INFO] CADModel:114 - Register for checkConnection events
2024-04-18 00:11:05,726 [FATAL] Updater:308 - Updater called before beeing initialized
2024-04-18 00:11:05,726 [ERROR] CADModel:125 - Updater not yet initialized, retry later 
2024-04-18 00:11:05,732 [FATAL] Updater:308 - Updater called before beeing initialized
2024-04-18 00:11:05,948 [FATAL] Updater:308 - Updater called before beeing initialized
2024-04-18 00:11:05,954 [INFO] DbMcusAds:53 - JSON generation date=Wed Nov 29 04:52:27 CST 2023 (1701255147349)
2024-04-18 00:11:05,955 [FATAL] Updater:308 - Updater called before beeing initialized
2024-04-18 00:11:05,990 [INFO] ThirdPartyUpdaterWithRetryManager:70 - Updater plugin not ready yet. [2/15]
2024-04-18 00:11:06,009 [WARN] DetailPanel:346 - Failed to get advertising image, set to default
2024-04-18 00:11:06,147 [FATAL] Updater:308 - Updater called before beeing initialized
2024-04-18 00:11:06,152 [FATAL] Updater:308 - Updater called before beeing initialized
2024-04-18 00:11:06,152 [FATAL] Updater:308 - Updater called before beeing initialized
2024-04-18 00:11:06,153 [WARN] DetailPanel:346 - Failed to get advertising image, set to default
2024-04-18 00:11:06,155 [FATAL] Updater:308 - Updater called before beeing initialized
2024-04-18 00:11:06,257 [ERROR] Updater:1120 - MainUpdater not yet initialized. External WinMGr cannot be set.
2024-04-18 00:11:06,266 [INFO] Updater:1056 - Updater Version found : 6.10.0
2024-04-18 00:11:06,321 [INFO] ApplicationProperties:184 - Using Application install path: /opt/st/stm32cubeide_1.14.0/plugins/com.st.stm32cube.common.mx_6.10.0.202311202037
2024-04-18 00:11:06,373 [ERROR] LogOutputStream:75 - [STDERR_REDIRECT] Apr 18, 2024 12:11:06 AM java.util.prefs.FileSystemPreferences$2 run
2024-04-18 00:11:06,377 [ERROR] LogOutputStream:75 - [STDERR_REDIRECT] WARNING: Could not create system preferences directory. System preferences are unusable.
2024-04-18 00:11:06,378 [ERROR] LogOutputStream:75 - [STDERR_REDIRECT] 
2024-04-18 00:11:06,996 [INFO] MainUpdater:2873 - connection check result : 10
2024-04-18 00:11:06,998 [INFO] MainUpdater:290 - Updater Check For Update Now.
2024-04-18 00:11:06,999 [INFO] MicroXplorer:498 - Change Database Version : DB.6.0.100
2024-04-18 00:11:07,028 [INFO] McuFinderGlobals:63 - Set McuFinder mode to 2 (CubeIDE integrated)
2024-04-18 00:11:07,029 [INFO] UserAuth:180 - activating auth plugin
2024-04-18 00:11:07,043 [INFO] UserAuth:404 - Internet connection configuration mode: 1
2024-04-18 00:11:07,140 [INFO] JxBrowserEngine:152 - Initiate JxBrowser Engine with user profile folder
2024-04-18 00:11:07,407 [INFO] CheckServerUpdateThread:120 - End of CheckServer Thread
2024-04-18 00:11:09,869 [WARN] PackLoader:240 - Cannot read IP mode file for STMicroelectronics.FP-SNS-MOTENVWB1.1.4.0
2024-04-18 00:11:09,891 [WARN] PackLoader:240 - Cannot read IP mode file for STMicroelectronics.X-CUBE-SMBUS.2.1.0
2024-04-18 00:11:09,900 [WARN] PackLoader:240 - Cannot read IP mode file for STMicroelectronics.X-CUBE-TOUCHGFX.4.23.1
2024-04-18 00:11:09,915 [WARN] PackLoader:240 - Cannot read IP mode file for STMicroelectronics.X-CUBE-TOUCHGFX.4.23.0
2024-04-18 00:11:09,925 [WARN] PackLoader:240 - Cannot read IP mode file for STMicroelectronics.X-CUBE-TOUCHGFX.4.23.2
2024-04-18 00:11:10,124 [WARN] PackLoader:240 - Cannot read IP mode file for STMicroelectronics.X-CUBE-AZRTOS-F7.1.1.0
2024-04-18 00:11:10,177 [WARN] PackLoader:240 - Cannot read IP mode file for STMicroelectronics.FP-SNS-MOTENV1.4.3.2
2024-04-18 00:11:10,201 [WARN] PackLoader:240 - Cannot read IP mode file for STMicroelectronics.FP-SNS-FLIGHT1.5.0.2
2024-04-18 00:11:10,244 [WARN] PackLoader:240 - Cannot read IP mode file for STMicroelectronics.X-CUBE-DISPLAY.3.0.0
2024-04-18 00:11:10,280 [INFO] WebApp:161 - Instantiating new browser for Auth
2024-04-18 00:11:10,288 [WARN] PackLoader:240 - Cannot read IP mode file for STMicroelectronics.X-CUBE-BLE1.7.0.0
2024-04-18 00:11:10,350 [WARN] PackLoader:240 - Cannot read IP mode file for emotas.I-CUBE-CANOPEN.1.3.0
2024-04-18 00:11:10,477 [WARN] PackLoader:240 - Cannot read IP mode file for STMicroelectronics.X-CUBE-BLEMGR.3.1.0
2024-04-18 00:11:10,537 [WARN] PackLoader:240 - Cannot read IP mode file for STMicroelectronics.FP-SNS-SMARTAG2.1.2.0
2024-04-18 00:11:10,607 [INFO] LogOutputStream:77 - [STDOUT_REDIRECT] 1 : Invalid condition id : UX_CORESTACK_Condition cause : null
2024-04-18 00:11:10,617 [INFO] LogOutputStream:77 - [STDOUT_REDIRECT] 1 : Invalid condition id : UX_CORESTACK_Condition cause : null
2024-04-18 00:11:10,619 [INFO] LogOutputStream:77 - [STDOUT_REDIRECT] 1 : Invalid condition id : UX_CORESTACK_Condition cause : null
2024-04-18 00:11:10,622 [INFO] LogOutputStream:77 - [STDOUT_REDIRECT] 1 : Invalid condition id : UX_CORESTACK_Condition cause : null
2024-04-18 00:11:10,623 [INFO] LogOutputStream:77 - [STDOUT_REDIRECT] 1 : Invalid condition id : UX_CORESTACK_Condition cause : null
2024-04-18 00:11:10,655 [WARN] PackLoader:240 - Cannot read IP mode file for STMicroelectronics.X-CUBE-AZRTOS-WL.2.0.0
2024-04-18 00:11:10,694 [WARN] PackLoader:240 - Cannot read IP mode file for STMicroelectronics.FP-SNS-MOTENV1.5.0.0
2024-04-18 00:11:10,743 [WARN] PackLoader:240 - Cannot read IP mode file for WES.I-CUBE-Cesium.1.3.0
2024-04-18 00:11:10,755 [WARN] PackLoader:240 - Cannot read IP mode file for STMicroelectronics.X-CUBE-BLE2.3.3.0
2024-04-18 00:11:10,779 [WARN] PackLoader:240 - Cannot read IP mode file for STMicroelectronics.X-CUBE-TCPP.4.1.0
2024-04-18 00:11:10,792 [WARN] PackLoader:240 - Cannot read IP mode file for STMicroelectronics.X-CUBE-ALGOBUILD.1.3.0
2024-04-18 00:11:10,855 [WARN] PackLoader:240 - Cannot read IP mode file for STMicroelectronics.X-CUBE-AZRTOS-G0.1.1.0
2024-04-18 00:11:10,876 [WARN] PackLoader:240 - Cannot read IP mode file for STMicroelectronics.X-CUBE-SAFEA1.1.2.2
2024-04-18 00:11:10,893 [WARN] PackLoader:240 - Cannot read IP mode file for STMicroelectronics.X-CUBE-NFC4.3.0.0
2024-04-18 00:11:10,919 [WARN] PackLoader:240 - Cannot read IP mode file for STMicroelectronics.X-CUBE-BLEMGR.3.0.0
2024-04-18 00:11:10,939 [WARN] PackLoader:240 - Cannot read IP mode file for STMicroelectronics.FP-ATR-SIGFOX1.3.2.0
2024-04-18 00:11:10,964 [WARN] PackLoader:240 - Cannot read IP mode file for STMicroelectronics.X-CUBE-EEPRMA1.5.1.0
2024-04-18 00:11:11,103 [WARN] PackLoader:240 - Cannot read IP mode file for SEGGER.I-CUBE-embOS.1.3.1
2024-04-18 00:11:11,290 [WARN] PackLoader:240 - Cannot read IP mode file for STMicroelectronics.X-CUBE-GNSS1.6.0.0
2024-04-18 00:11:11,347 [WARN] PackLoader:240 - Cannot read IP mode file for STMicroelectronics.X-CUBE-AZRTOS-F4.1.1.0
2024-04-18 00:11:11,402 [WARN] PackLoader:240 - Cannot read IP mode file for wolfSSL.I-CUBE-wolfSSL.5.6.6
2024-04-18 00:11:11,473 [WARN] PackLoader:240 - Cannot read IP mode file for STMicroelectronics.X-CUBE-AZRTOS-L5.2.0.0
2024-04-18 00:11:11,502 [WARN] PackLoader:240 - Cannot read IP mode file for STMicroelectronics.X-CUBE-NFC6.3.1.0
2024-04-18 00:11:11,525 [WARN] PackLoader:240 - Cannot read IP mode file for ITTIA_DB.I-CUBE-ITTIADB.8.8.0
2024-04-18 00:11:11,529 [WARN] PackLoader:240 - Cannot read IP mode file for STMicroelectronics.X-CUBE-AI.9.0.0
2024-04-18 00:11:11,546 [WARN] PackLoader:240 - Cannot read IP mode file for STMicroelectronics.X-CUBE-NFC7.1.0.1
2024-04-18 00:11:11,574 [WARN] PackLoader:240 - Cannot read IP mode file for STMicroelectronics.X-CUBE-NFC6.3.0.0
2024-04-18 00:11:11,603 [WARN] PackLoader:240 - Cannot read IP mode file for STMicroelectronics.X-CUBE-AI.8.1.0
2024-04-18 00:11:11,645 [WARN] ConditionMgr:438 - getConditionDescription Invalid condition id : LAN8742 Phy interface Condition cause : null
2024-04-18 00:11:11,646 [WARN] PackLoader:240 - Cannot read IP mode file for STMicroelectronics.X-CUBE-AZRTOS-L4.2.0.0
2024-04-18 00:11:11,651 [WARN] ConditionMgr:1039 - genDependencies : Invalid condition id : LAN8742 Phy interface Condition cause : null
2024-04-18 00:11:11,651 [WARN] ConditionMgr:1039 - genDependencies : Invalid condition id : LAN8742 Phy interface Condition cause : null
2024-04-18 00:11:11,652 [WARN] ConditionMgr:1039 - genDependencies : Invalid condition id : LAN8742 Phy interface Condition cause : null
2024-04-18 00:11:11,695 [WARN] PackLoader:240 - Cannot read IP mode file for STMicroelectronics.X-CUBE-SFXS2LP1.4.0.0
2024-04-18 00:11:11,721 [WARN] ConditionMgr:438 - getConditionDescription Invalid condition id : UX DEVICE CLASS RTOS Condition cause : null
2024-04-18 00:11:11,723 [WARN] ConditionMgr:438 - getConditionDescription Invalid condition id : UX DEVICE CLASS RTOS Condition cause : null
2024-04-18 00:11:11,733 [WARN] PackLoader:240 - Cannot read IP mode file for STMicroelectronics.X-CUBE-AZRTOS-WB.2.0.0
2024-04-18 00:11:11,733 [WARN] ConditionMgr:1039 - genDependencies : Invalid condition id : UX DEVICE CLASS RTOS Condition cause : null
2024-04-18 00:11:11,733 [WARN] ConditionMgr:1039 - genDependencies : Invalid condition id : UX DEVICE CLASS RTOS Condition cause : null
2024-04-18 00:11:11,734 [WARN] ConditionMgr:1039 - genDependencies : Invalid condition id : UX DEVICE CLASS RTOS Condition cause : null
2024-04-18 00:11:11,735 [WARN] ConditionMgr:1039 - genDependencies : Invalid condition id : UX DEVICE CLASS RTOS Condition cause : null
2024-04-18 00:11:11,735 [WARN] ConditionMgr:1039 - genDependencies : Invalid condition id : UX DEVICE CLASS RTOS Condition cause : null
2024-04-18 00:11:11,758 [WARN] PackLoader:240 - Cannot read IP mode file for STMicroelectronics.X-CUBE-SUBG2.5.0.0
2024-04-18 00:11:11,796 [WARN] PackLoader:240 - Cannot read IP mode file for STMicroelectronics.X-CUBE-AZRTOS-G4.2.0.0
2024-04-18 00:11:11,850 [WARN] PackLoader:240 - Cannot read IP mode file for Infineon.AIROC-Wi-Fi-Bluetooth-STM32.1.5.1
2024-04-18 00:11:11,867 [WARN] PackLoader:240 - Cannot read IP mode file for STMicroelectronics.FP-SNS-MOTENVWB1.1.3.1
2024-04-18 00:11:11,883 [WARN] PackLoader:240 - Cannot read IP mode file for STMicroelectronics.X-CUBE-ISPU.2.0.0
2024-04-18 00:11:11,957 [WARN] PackLoader:240 - Cannot read IP mode file for STMicroelectronics.X-CUBE-MEMS1.10.0.0
2024-04-18 00:11:12,550 [WARN] PackLoader:240 - Cannot read IP mode file for STMicroelectronics.X-CUBE-FREERTOS.1.1.0
2024-04-18 00:11:12,574 [WARN] PackLoader:240 - Cannot read IP mode file for portGmbH.I-Cube-SoM-uGOAL.1.1.0
2024-04-18 00:11:12,587 [WARN] PackLoader:240 - Cannot read IP mode file for STMicroelectronics.X-CUBE-ALS.1.0.1
2024-04-18 00:11:12,666 [WARN] PackLoader:240 - Cannot read IP mode file for STMicroelectronics.X-CUBE-AZRTOS-H7RS.1.0.0
2024-04-18 00:11:12,681 [WARN] PackLoader:240 - Cannot read IP mode file for STMicroelectronics.FP-ATR-ASTRA1.2.0.0
2024-04-18 00:11:12,723 [WARN] PackLoader:240 - Cannot read IP mode file for STMicroelectronics.X-CUBE-TOF1.3.4.0
2024-04-18 00:11:12,789 [WARN] PackLoader:240 - Cannot read IP mode file for STMicroelectronics.X-CUBE-TOF1.3.4.1
2024-04-18 00:11:12,964 [WARN] PackLoader:240 - Cannot read IP mode file for STMicroelectronics.X-CUBE-AZRTOS-H7.3.2.0
2024-04-18 00:11:12,967 [INFO] ThirdParty:978 - Integrity check success = true
2024-04-18 00:11:12,967 [INFO] IntegrityCheckThread:100 - exiting critical section [integrity check]
2024-04-18 00:11:12,967 [INFO] IntegrityCheckThread:103 - End integrity checks thread
2024-04-18 00:11:13,715 [INFO] WebApp:780 - Register for checkConnection events
2024-04-18 00:11:13,715 [INFO] WebApp:414 - Apply proxy settings
2024-04-18 00:11:13,716 [INFO] WebApp:499 - Chromium requires no authentication
2024-04-18 00:11:13,737 [INFO] WebApp:442 - Direct internet connection detected
2024-04-18 00:11:14,611 [INFO] WebApp:192 - Starting web application
2024-04-18 00:11:14,612 [INFO] WebApp:544 - Web application path used /opt/st/stm32cubeide_1.14.0/plugins/com.st.stm32cube.common.mx_6.10.0.202311202037/db/plugins/mcufinder/reactClient1/index.html
2024-04-18 00:11:15,985 [ERROR] LogOutputStream:75 - [STDERR_REDIRECT] Apr 18, 2024 12:11:15 AM java.util.prefs.FileSystemPreferences checkLockFile0ErrorCode
2024-04-18 00:11:15,990 [ERROR] LogOutputStream:75 - [STDERR_REDIRECT] WARNING: Could not lock System prefs. Unix error code 32441.
2024-04-18 00:11:15,990 [ERROR] LogOutputStream:75 - [STDERR_REDIRECT] 
2024-04-18 00:11:15,997 [ERROR] LogOutputStream:75 - [STDERR_REDIRECT] Apr 18, 2024 12:11:15 AM java.util.prefs.FileSystemPreferences syncWorld
2024-04-18 00:11:16,001 [ERROR] LogOutputStream:75 - [STDERR_REDIRECT] WARNING: Couldn't flush system prefs: java.util.prefs.BackingStoreException: Couldn't get file lock.
2024-04-18 00:11:16,002 [ERROR] LogOutputStream:75 - [STDERR_REDIRECT] 
2024-04-18 00:11:36,446 [ERROR] LogOutputStream:75 - [STDERR_REDIRECT] SLF4J: Failed to load class "org.slf4j.impl.StaticLoggerBinder".
2024-04-18 00:11:36,451 [ERROR] LogOutputStream:75 - [STDERR_REDIRECT] SLF4J: Defaulting to no-operation (NOP) logger implementation
2024-04-18 00:11:36,453 [ERROR] LogOutputStream:75 - [STDERR_REDIRECT] SLF4J: See http://www.slf4j.org/codes.html#StaticLoggerBinder for further details.
2024-04-18 00:11:45,879 [ERROR] LogOutputStream:75 - [STDERR_REDIRECT] Apr 18, 2024 12:11:45 AM java.util.prefs.FileSystemPreferences checkLockFile0ErrorCode
2024-04-18 00:11:45,881 [ERROR] LogOutputStream:75 - [STDERR_REDIRECT] WARNING: Could not lock System prefs. Unix error code 32441.
2024-04-18 00:11:45,881 [ERROR] LogOutputStream:75 - [STDERR_REDIRECT] 
2024-04-18 00:11:45,884 [ERROR] LogOutputStream:75 - [STDERR_REDIRECT] Apr 18, 2024 12:11:45 AM java.util.prefs.FileSystemPreferences syncWorld
2024-04-18 00:11:45,885 [ERROR] LogOutputStream:75 - [STDERR_REDIRECT] WARNING: Couldn't flush system prefs: java.util.prefs.BackingStoreException: Couldn't get file lock.
2024-04-18 00:11:45,886 [ERROR] LogOutputStream:75 - [STDERR_REDIRECT] 
2024-04-18 00:12:15,892 [ERROR] LogOutputStream:75 - [STDERR_REDIRECT] Apr 18, 2024 12:12:15 AM java.util.prefs.FileSystemPreferences checkLockFile0ErrorCode
2024-04-18 00:12:15,893 [ERROR] LogOutputStream:75 - [STDERR_REDIRECT] WARNING: Could not lock System prefs. Unix error code 32441.
2024-04-18 00:12:15,894 [ERROR] LogOutputStream:75 - [STDERR_REDIRECT] 
2024-04-18 00:12:15,896 [ERROR] LogOutputStream:75 - [STDERR_REDIRECT] Apr 18, 2024 12:12:15 AM java.util.prefs.FileSystemPreferences syncWorld
2024-04-18 00:12:15,896 [ERROR] LogOutputStream:75 - [STDERR_REDIRECT] WARNING: Couldn't flush system prefs: java.util.prefs.BackingStoreException: Couldn't get file lock.
2024-04-18 00:12:15,896 [ERROR] LogOutputStream:75 - [STDERR_REDIRECT] 
2024-04-18 00:12:45,885 [ERROR] LogOutputStream:75 - [STDERR_REDIRECT] Apr 18, 2024 12:12:45 AM java.util.prefs.FileSystemPreferences checkLockFile0ErrorCode
2024-04-18 00:12:45,887 [ERROR] LogOutputStream:75 - [STDERR_REDIRECT] WARNING: Could not lock System prefs. Unix error code 32441.
2024-04-18 00:12:45,887 [ERROR] LogOutputStream:75 - [STDERR_REDIRECT] 
2024-04-18 00:12:45,902 [ERROR] LogOutputStream:75 - [STDERR_REDIRECT] Apr 18, 2024 12:12:45 AM java.util.prefs.FileSystemPreferences syncWorld
2024-04-18 00:12:45,903 [ERROR] LogOutputStream:75 - [STDERR_REDIRECT] WARNING: Couldn't flush system prefs: java.util.prefs.BackingStoreException: Couldn't get file lock.
2024-04-18 00:12:45,903 [ERROR] LogOutputStream:75 - [STDERR_REDIRECT] 
2024-04-18 00:13:15,877 [ERROR] LogOutputStream:75 - [STDERR_REDIRECT] Apr 18, 2024 12:13:15 AM java.util.prefs.FileSystemPreferences checkLockFile0ErrorCode
2024-04-18 00:13:15,878 [ERROR] LogOutputStream:75 - [STDERR_REDIRECT] WARNING: Could not lock System prefs. Unix error code 32441.
2024-04-18 00:13:15,879 [ERROR] LogOutputStream:75 - [STDERR_REDIRECT] 
2024-04-18 00:13:15,880 [ERROR] LogOutputStream:75 - [STDERR_REDIRECT] Apr 18, 2024 12:13:15 AM java.util.prefs.FileSystemPreferences syncWorld
2024-04-18 00:13:15,881 [ERROR] LogOutputStream:75 - [STDERR_REDIRECT] WARNING: Couldn't flush system prefs: java.util.prefs.BackingStoreException: Couldn't get file lock.
2024-04-18 00:13:15,881 [ERROR] LogOutputStream:75 - [STDERR_REDIRECT] 
2024-04-18 00:13:45,877 [ERROR] LogOutputStream:75 - [STDERR_REDIRECT] Apr 18, 2024 12:13:45 AM java.util.prefs.FileSystemPreferences checkLockFile0ErrorCode
2024-04-18 00:13:45,877 [ERROR] LogOutputStream:75 - [STDERR_REDIRECT] WARNING: Could not lock System prefs. Unix error code 32441.
2024-04-18 00:13:45,878 [ERROR] LogOutputStream:75 - [STDERR_REDIRECT] 
2024-04-18 00:13:45,880 [ERROR] LogOutputStream:75 - [STDERR_REDIRECT] Apr 18, 2024 12:13:45 AM java.util.prefs.FileSystemPreferences syncWorld
2024-04-18 00:13:45,880 [ERROR] LogOutputStream:75 - [STDERR_REDIRECT] WARNING: Couldn't flush system prefs: java.util.prefs.BackingStoreException: Couldn't get file lock.
2024-04-18 00:13:45,880 [ERROR] LogOutputStream:75 - [STDERR_REDIRECT] 
2024-04-18 00:14:15,874 [ERROR] LogOutputStream:75 - [STDERR_REDIRECT] Apr 18, 2024 12:14:15 AM java.util.prefs.FileSystemPreferences checkLockFile0ErrorCode
2024-04-18 00:14:15,876 [ERROR] LogOutputStream:75 - [STDERR_REDIRECT] WARNING: Could not lock System prefs. Unix error code 32441.
2024-04-18 00:14:15,876 [ERROR] LogOutputStream:75 - [STDERR_REDIRECT] 
2024-04-18 00:14:15,878 [ERROR] LogOutputStream:75 - [STDERR_REDIRECT] Apr 18, 2024 12:14:15 AM java.util.prefs.FileSystemPreferences syncWorld
2024-04-18 00:14:15,879 [ERROR] LogOutputStream:75 - [STDERR_REDIRECT] WARNING: Couldn't flush system prefs: java.util.prefs.BackingStoreException: Couldn't get file lock.
2024-04-18 00:14:15,879 [ERROR] LogOutputStream:75 - [STDERR_REDIRECT] 
2024-04-18 00:14:45,886 [ERROR] LogOutputStream:75 - [STDERR_REDIRECT] Apr 18, 2024 12:14:45 AM java.util.prefs.FileSystemPreferences checkLockFile0ErrorCode
2024-04-18 00:14:45,888 [ERROR] LogOutputStream:75 - [STDERR_REDIRECT] WARNING: Could not lock System prefs. Unix error code 32441.
2024-04-18 00:14:45,889 [ERROR] LogOutputStream:75 - [STDERR_REDIRECT] 
2024-04-18 00:14:45,890 [ERROR] LogOutputStream:75 - [STDERR_REDIRECT] Apr 18, 2024 12:14:45 AM java.util.prefs.FileSystemPreferences syncWorld
2024-04-18 00:14:45,891 [ERROR] LogOutputStream:75 - [STDERR_REDIRECT] WARNING: Couldn't flush system prefs: java.util.prefs.BackingStoreException: Couldn't get file lock.
2024-04-18 00:14:45,892 [ERROR] LogOutputStream:75 - [STDERR_REDIRECT] 
2024-04-18 00:15:15,874 [ERROR] LogOutputStream:75 - [STDERR_REDIRECT] Apr 18, 2024 12:15:15 AM java.util.prefs.FileSystemPreferences checkLockFile0ErrorCode
2024-04-18 00:15:15,875 [ERROR] LogOutputStream:75 - [STDERR_REDIRECT] WARNING: Could not lock System prefs. Unix error code 32441.
2024-04-18 00:15:15,881 [ERROR] LogOutputStream:75 - [STDERR_REDIRECT] 
2024-04-18 00:15:15,882 [ERROR] LogOutputStream:75 - [STDERR_REDIRECT] Apr 18, 2024 12:15:15 AM java.util.prefs.FileSystemPreferences syncWorld
2024-04-18 00:15:15,883 [ERROR] LogOutputStream:75 - [STDERR_REDIRECT] WARNING: Couldn't flush system prefs: java.util.prefs.BackingStoreException: Couldn't get file lock.
2024-04-18 00:15:15,886 [ERROR] LogOutputStream:75 - [STDERR_REDIRECT] 
2024-04-18 00:15:45,875 [ERROR] LogOutputStream:75 - [STDERR_REDIRECT] Apr 18, 2024 12:15:45 AM java.util.prefs.FileSystemPreferences checkLockFile0ErrorCode
2024-04-18 00:15:45,875 [ERROR] LogOutputStream:75 - [STDERR_REDIRECT] WARNING: Could not lock System prefs. Unix error code 32441.
2024-04-18 00:15:45,876 [ERROR] LogOutputStream:75 - [STDERR_REDIRECT] 
2024-04-18 00:15:45,878 [ERROR] LogOutputStream:75 - [STDERR_REDIRECT] Apr 18, 2024 12:15:45 AM java.util.prefs.FileSystemPreferences syncWorld
2024-04-18 00:15:45,879 [ERROR] LogOutputStream:75 - [STDERR_REDIRECT] WARNING: Couldn't flush system prefs: java.util.prefs.BackingStoreException: Couldn't get file lock.
2024-04-18 00:15:45,879 [ERROR] LogOutputStream:75 - [STDERR_REDIRECT] 
2024-04-18 00:16:15,877 [ERROR] LogOutputStream:75 - [STDERR_REDIRECT] Apr 18, 2024 12:16:15 AM java.util.prefs.FileSystemPreferences checkLockFile0ErrorCode
2024-04-18 00:16:15,878 [ERROR] LogOutputStream:75 - [STDERR_REDIRECT] WARNING: Could not lock System prefs. Unix error code 32441.
2024-04-18 00:16:15,878 [ERROR] LogOutputStream:75 - [STDERR_REDIRECT] 
2024-04-18 00:16:15,880 [ERROR] LogOutputStream:75 - [STDERR_REDIRECT] Apr 18, 2024 12:16:15 AM java.util.prefs.FileSystemPreferences syncWorld
2024-04-18 00:16:15,883 [ERROR] LogOutputStream:75 - [STDERR_REDIRECT] WARNING: Couldn't flush system prefs: java.util.prefs.BackingStoreException: Couldn't get file lock.
2024-04-18 00:16:15,884 [ERROR] LogOutputStream:75 - [STDERR_REDIRECT] 
2024-04-18 00:16:45,880 [ERROR] LogOutputStream:75 - [STDERR_REDIRECT] Apr 18, 2024 12:16:45 AM java.util.prefs.FileSystemPreferences checkLockFile0ErrorCode
2024-04-18 00:16:45,881 [ERROR] LogOutputStream:75 - [STDERR_REDIRECT] WARNING: Could not lock System prefs. Unix error code 32441.
2024-04-18 00:16:45,882 [ERROR] LogOutputStream:75 - [STDERR_REDIRECT] 
2024-04-18 00:16:45,884 [ERROR] LogOutputStream:75 - [STDERR_REDIRECT] Apr 18, 2024 12:16:45 AM java.util.prefs.FileSystemPreferences syncWorld
2024-04-18 00:16:45,885 [ERROR] LogOutputStream:75 - [STDERR_REDIRECT] WARNING: Couldn't flush system prefs: java.util.prefs.BackingStoreException: Couldn't get file lock.
2024-04-18 00:16:45,885 [ERROR] LogOutputStream:75 - [STDERR_REDIRECT] 
2024-04-18 00:17:15,879 [ERROR] LogOutputStream:75 - [STDERR_REDIRECT] Apr 18, 2024 12:17:15 AM java.util.prefs.FileSystemPreferences checkLockFile0ErrorCode
2024-04-18 00:17:15,880 [ERROR] LogOutputStream:75 - [STDERR_REDIRECT] WARNING: Could not lock System prefs. Unix error code 32441.
2024-04-18 00:17:15,880 [ERROR] LogOutputStream:75 - [STDERR_REDIRECT] 
2024-04-18 00:17:15,883 [ERROR] LogOutputStream:75 - [STDERR_REDIRECT] Apr 18, 2024 12:17:15 AM java.util.prefs.FileSystemPreferences syncWorld
2024-04-18 00:17:15,884 [ERROR] LogOutputStream:75 - [STDERR_REDIRECT] WARNING: Couldn't flush system prefs: java.util.prefs.BackingStoreException: Couldn't get file lock.
2024-04-18 00:17:15,886 [ERROR] LogOutputStream:75 - [STDERR_REDIRECT] 
2024-04-18 00:17:45,884 [ERROR] LogOutputStream:75 - [STDERR_REDIRECT] Apr 18, 2024 12:17:45 AM java.util.prefs.FileSystemPreferences checkLockFile0ErrorCode
2024-04-18 00:17:45,888 [ERROR] LogOutputStream:75 - [STDERR_REDIRECT] WARNING: Could not lock System prefs. Unix error code 32441.
2024-04-18 00:17:45,889 [ERROR] LogOutputStream:75 - [STDERR_REDIRECT] 
2024-04-18 00:17:45,891 [ERROR] LogOutputStream:75 - [STDERR_REDIRECT] Apr 18, 2024 12:17:45 AM java.util.prefs.FileSystemPreferences syncWorld
2024-04-18 00:17:45,894 [ERROR] LogOutputStream:75 - [STDERR_REDIRECT] WARNING: Couldn't flush system prefs: java.util.prefs.BackingStoreException: Couldn't get file lock.
2024-04-18 00:17:45,894 [ERROR] LogOutputStream:75 - [STDERR_REDIRECT] 
2024-04-18 00:18:15,878 [ERROR] LogOutputStream:75 - [STDERR_REDIRECT] Apr 18, 2024 12:18:15 AM java.util.prefs.FileSystemPreferences checkLockFile0ErrorCode
2024-04-18 00:18:15,879 [ERROR] LogOutputStream:75 - [STDERR_REDIRECT] WARNING: Could not lock System prefs. Unix error code 32441.
2024-04-18 00:18:15,879 [ERROR] LogOutputStream:75 - [STDERR_REDIRECT] 
2024-04-18 00:18:15,880 [ERROR] LogOutputStream:75 - [STDERR_REDIRECT] Apr 18, 2024 12:18:15 AM java.util.prefs.FileSystemPreferences syncWorld
2024-04-18 00:18:15,882 [ERROR] LogOutputStream:75 - [STDERR_REDIRECT] WARNING: Couldn't flush system prefs: java.util.prefs.BackingStoreException: Couldn't get file lock.
2024-04-18 00:18:15,883 [ERROR] LogOutputStream:75 - [STDERR_REDIRECT] 
2024-04-18 00:18:45,882 [ERROR] LogOutputStream:75 - [STDERR_REDIRECT] Apr 18, 2024 12:18:45 AM java.util.prefs.FileSystemPreferences checkLockFile0ErrorCode
2024-04-18 00:18:45,888 [ERROR] LogOutputStream:75 - [STDERR_REDIRECT] WARNING: Could not lock System prefs. Unix error code 32441.
2024-04-18 00:18:45,889 [ERROR] LogOutputStream:75 - [STDERR_REDIRECT] 
2024-04-18 00:18:45,892 [ERROR] LogOutputStream:75 - [STDERR_REDIRECT] Apr 18, 2024 12:18:45 AM java.util.prefs.FileSystemPreferences syncWorld
2024-04-18 00:18:45,893 [ERROR] LogOutputStream:75 - [STDERR_REDIRECT] WARNING: Couldn't flush system prefs: java.util.prefs.BackingStoreException: Couldn't get file lock.
2024-04-18 00:18:45,893 [ERROR] LogOutputStream:75 - [STDERR_REDIRECT] 
2024-04-18 00:19:15,893 [ERROR] LogOutputStream:75 - [STDERR_REDIRECT] Apr 18, 2024 12:19:15 AM java.util.prefs.FileSystemPreferences checkLockFile0ErrorCode
2024-04-18 00:19:15,893 [ERROR] LogOutputStream:75 - [STDERR_REDIRECT] WARNING: Could not lock System prefs. Unix error code 32441.
2024-04-18 00:19:15,894 [ERROR] LogOutputStream:75 - [STDERR_REDIRECT] 
2024-04-18 00:19:15,894 [ERROR] LogOutputStream:75 - [STDERR_REDIRECT] Apr 18, 2024 12:19:15 AM java.util.prefs.FileSystemPreferences syncWorld
2024-04-18 00:19:15,895 [ERROR] LogOutputStream:75 - [STDERR_REDIRECT] WARNING: Couldn't flush system prefs: java.util.prefs.BackingStoreException: Couldn't get file lock.
2024-04-18 00:19:15,896 [ERROR] LogOutputStream:75 - [STDERR_REDIRECT] 
2024-04-18 00:19:45,891 [ERROR] LogOutputStream:75 - [STDERR_REDIRECT] Apr 18, 2024 12:19:45 AM java.util.prefs.FileSystemPreferences checkLockFile0ErrorCode
2024-04-18 00:19:45,896 [ERROR] LogOutputStream:75 - [STDERR_REDIRECT] WARNING: Could not lock System prefs. Unix error code 32441.
2024-04-18 00:19:45,897 [ERROR] LogOutputStream:75 - [STDERR_REDIRECT] 
2024-04-18 00:19:45,902 [ERROR] LogOutputStream:75 - [STDERR_REDIRECT] Apr 18, 2024 12:19:45 AM java.util.prefs.FileSystemPreferences syncWorld
2024-04-18 00:19:45,904 [ERROR] LogOutputStream:75 - [STDERR_REDIRECT] WARNING: Couldn't flush system prefs: java.util.prefs.BackingStoreException: Couldn't get file lock.
2024-04-18 00:19:45,904 [ERROR] LogOutputStream:75 - [STDERR_REDIRECT] 
2024-04-18 00:20:15,890 [ERROR] LogOutputStream:75 - [STDERR_REDIRECT] Apr 18, 2024 12:20:15 AM java.util.prefs.FileSystemPreferences checkLockFile0ErrorCode
2024-04-18 00:20:15,891 [ERROR] LogOutputStream:75 - [STDERR_REDIRECT] WARNING: Could not lock System prefs. Unix error code 32441.
2024-04-18 00:20:15,896 [ERROR] LogOutputStream:75 - [STDERR_REDIRECT] 
2024-04-18 00:20:15,900 [ERROR] LogOutputStream:75 - [STDERR_REDIRECT] Apr 18, 2024 12:20:15 AM java.util.prefs.FileSystemPreferences syncWorld
2024-04-18 00:20:15,901 [ERROR] LogOutputStream:75 - [STDERR_REDIRECT] WARNING: Couldn't flush system prefs: java.util.prefs.BackingStoreException: Couldn't get file lock.
2024-04-18 00:20:15,906 [ERROR] LogOutputStream:75 - [STDERR_REDIRECT] 
2024-04-18 00:20:45,883 [ERROR] LogOutputStream:75 - [STDERR_REDIRECT] Apr 18, 2024 12:20:45 AM java.util.prefs.FileSystemPreferences checkLockFile0ErrorCode
2024-04-18 00:20:45,884 [ERROR] LogOutputStream:75 - [STDERR_REDIRECT] WARNING: Could not lock System prefs. Unix error code 32441.
2024-04-18 00:20:45,885 [ERROR] LogOutputStream:75 - [STDERR_REDIRECT] 
2024-04-18 00:20:45,887 [ERROR] LogOutputStream:75 - [STDERR_REDIRECT] Apr 18, 2024 12:20:45 AM java.util.prefs.FileSystemPreferences syncWorld
2024-04-18 00:20:45,914 [ERROR] LogOutputStream:75 - [STDERR_REDIRECT] WARNING: Couldn't flush system prefs: java.util.prefs.BackingStoreException: Couldn't get file lock.
2024-04-18 00:20:45,915 [ERROR] LogOutputStream:75 - [STDERR_REDIRECT] 
2024-04-18 00:21:15,882 [ERROR] LogOutputStream:75 - [STDERR_REDIRECT] Apr 18, 2024 12:21:15 AM java.util.prefs.FileSystemPreferences checkLockFile0ErrorCode
2024-04-18 00:21:15,883 [ERROR] LogOutputStream:75 - [STDERR_REDIRECT] WARNING: Could not lock System prefs. Unix error code 32441.
2024-04-18 00:21:15,884 [ERROR] LogOutputStream:75 - [STDERR_REDIRECT] 
2024-04-18 00:21:15,890 [ERROR] LogOutputStream:75 - [STDERR_REDIRECT] Apr 18, 2024 12:21:15 AM java.util.prefs.FileSystemPreferences syncWorld
2024-04-18 00:21:15,894 [ERROR] LogOutputStream:75 - [STDERR_REDIRECT] WARNING: Couldn't flush system prefs: java.util.prefs.BackingStoreException: Couldn't get file lock.
2024-04-18 00:21:15,895 [ERROR] LogOutputStream:75 - [STDERR_REDIRECT] 
2024-04-18 00:21:45,880 [ERROR] LogOutputStream:75 - [STDERR_REDIRECT] Apr 18, 2024 12:21:45 AM java.util.prefs.FileSystemPreferences checkLockFile0ErrorCode
2024-04-18 00:21:45,883 [ERROR] LogOutputStream:75 - [STDERR_REDIRECT] WARNING: Could not lock System prefs. Unix error code 32441.
2024-04-18 00:21:45,885 [ERROR] LogOutputStream:75 - [STDERR_REDIRECT] 
2024-04-18 00:21:45,893 [ERROR] LogOutputStream:75 - [STDERR_REDIRECT] Apr 18, 2024 12:21:45 AM java.util.prefs.FileSystemPreferences syncWorld
2024-04-18 00:21:45,893 [ERROR] LogOutputStream:75 - [STDERR_REDIRECT] WARNING: Couldn't flush system prefs: java.util.prefs.BackingStoreException: Couldn't get file lock.
2024-04-18 00:21:45,901 [ERROR] LogOutputStream:75 - [STDERR_REDIRECT] 
2024-04-18 00:22:15,898 [ERROR] LogOutputStream:75 - [STDERR_REDIRECT] Apr 18, 2024 12:22:15 AM java.util.prefs.FileSystemPreferences checkLockFile0ErrorCode
2024-04-18 00:22:15,899 [ERROR] LogOutputStream:75 - [STDERR_REDIRECT] WARNING: Could not lock System prefs. Unix error code 32441.
2024-04-18 00:22:15,903 [ERROR] LogOutputStream:75 - [STDERR_REDIRECT] 
2024-04-18 00:22:15,906 [ERROR] LogOutputStream:75 - [STDERR_REDIRECT] Apr 18, 2024 12:22:15 AM java.util.prefs.FileSystemPreferences syncWorld
2024-04-18 00:22:15,908 [ERROR] LogOutputStream:75 - [STDERR_REDIRECT] WARNING: Couldn't flush system prefs: java.util.prefs.BackingStoreException: Couldn't get file lock.
2024-04-18 00:22:15,909 [ERROR] LogOutputStream:75 - [STDERR_REDIRECT] 
2024-04-18 00:22:45,886 [ERROR] LogOutputStream:75 - [STDERR_REDIRECT] Apr 18, 2024 12:22:45 AM java.util.prefs.FileSystemPreferences checkLockFile0ErrorCode
2024-04-18 00:22:45,887 [ERROR] LogOutputStream:75 - [STDERR_REDIRECT] WARNING: Could not lock System prefs. Unix error code 32441.
2024-04-18 00:22:45,889 [ERROR] LogOutputStream:75 - [STDERR_REDIRECT] 
2024-04-18 00:22:45,893 [ERROR] LogOutputStream:75 - [STDERR_REDIRECT] Apr 18, 2024 12:22:45 AM java.util.prefs.FileSystemPreferences syncWorld
2024-04-18 00:22:45,898 [ERROR] LogOutputStream:75 - [STDERR_REDIRECT] WARNING: Couldn't flush system prefs: java.util.prefs.BackingStoreException: Couldn't get file lock.
2024-04-18 00:22:45,899 [ERROR] LogOutputStream:75 - [STDERR_REDIRECT] 
2024-04-18 00:23:15,887 [ERROR] LogOutputStream:75 - [STDERR_REDIRECT] Apr 18, 2024 12:23:15 AM java.util.prefs.FileSystemPreferences checkLockFile0ErrorCode
2024-04-18 00:23:15,890 [ERROR] LogOutputStream:75 - [STDERR_REDIRECT] WARNING: Could not lock System prefs. Unix error code 32441.
2024-04-18 00:23:15,891 [ERROR] LogOutputStream:75 - [STDERR_REDIRECT] 
2024-04-18 00:23:15,893 [ERROR] LogOutputStream:75 - [STDERR_REDIRECT] Apr 18, 2024 12:23:15 AM java.util.prefs.FileSystemPreferences syncWorld
2024-04-18 00:23:15,893 [ERROR] LogOutputStream:75 - [STDERR_REDIRECT] WARNING: Couldn't flush system prefs: java.util.prefs.BackingStoreException: Couldn't get file lock.
2024-04-18 00:23:15,895 [ERROR] LogOutputStream:75 - [STDERR_REDIRECT] 
2024-04-18 00:23:45,913 [ERROR] LogOutputStream:75 - [STDERR_REDIRECT] Apr 18, 2024 12:23:45 AM java.util.prefs.FileSystemPreferences checkLockFile0ErrorCode
2024-04-18 00:23:45,915 [ERROR] LogOutputStream:75 - [STDERR_REDIRECT] WARNING: Could not lock System prefs. Unix error code 32441.
2024-04-18 00:23:45,918 [ERROR] LogOutputStream:75 - [STDERR_REDIRECT] 
2024-04-18 00:23:45,921 [ERROR] LogOutputStream:75 - [STDERR_REDIRECT] Apr 18, 2024 12:23:45 AM java.util.prefs.FileSystemPreferences syncWorld
2024-04-18 00:23:45,923 [ERROR] LogOutputStream:75 - [STDERR_REDIRECT] WARNING: Couldn't flush system prefs: java.util.prefs.BackingStoreException: Couldn't get file lock.
2024-04-18 00:23:45,924 [ERROR] LogOutputStream:75 - [STDERR_REDIRECT] 
2024-04-18 00:24:15,892 [ERROR] LogOutputStream:75 - [STDERR_REDIRECT] Apr 18, 2024 12:24:15 AM java.util.prefs.FileSystemPreferences checkLockFile0ErrorCode
2024-04-18 00:24:15,895 [ERROR] LogOutputStream:75 - [STDERR_REDIRECT] WARNING: Could not lock System prefs. Unix error code 32441.
2024-04-18 00:24:15,896 [ERROR] LogOutputStream:75 - [STDERR_REDIRECT] 
2024-04-18 00:24:15,898 [ERROR] LogOutputStream:75 - [STDERR_REDIRECT] Apr 18, 2024 12:24:15 AM java.util.prefs.FileSystemPreferences syncWorld
2024-04-18 00:24:15,899 [ERROR] LogOutputStream:75 - [STDERR_REDIRECT] WARNING: Couldn't flush system prefs: java.util.prefs.BackingStoreException: Couldn't get file lock.
2024-04-18 00:24:15,900 [ERROR] LogOutputStream:75 - [STDERR_REDIRECT] 
2024-04-18 00:24:45,900 [ERROR] LogOutputStream:75 - [STDERR_REDIRECT] Apr 18, 2024 12:24:45 AM java.util.prefs.FileSystemPreferences checkLockFile0ErrorCode
2024-04-18 00:24:45,901 [ERROR] LogOutputStream:75 - [STDERR_REDIRECT] WARNING: Could not lock System prefs. Unix error code 32441.
2024-04-18 00:24:45,901 [ERROR] LogOutputStream:75 - [STDERR_REDIRECT] 
2024-04-18 00:24:45,903 [ERROR] LogOutputStream:75 - [STDERR_REDIRECT] Apr 18, 2024 12:24:45 AM java.util.prefs.FileSystemPreferences syncWorld
2024-04-18 00:24:45,906 [ERROR] LogOutputStream:75 - [STDERR_REDIRECT] WARNING: Couldn't flush system prefs: java.util.prefs.BackingStoreException: Couldn't get file lock.
2024-04-18 00:24:45,907 [ERROR] LogOutputStream:75 - [STDERR_REDIRECT] 
2024-04-18 00:25:15,897 [ERROR] LogOutputStream:75 - [STDERR_REDIRECT] Apr 18, 2024 12:25:15 AM java.util.prefs.FileSystemPreferences checkLockFile0ErrorCode
2024-04-18 00:25:15,898 [ERROR] LogOutputStream:75 - [STDERR_REDIRECT] WARNING: Could not lock System prefs. Unix error code 32441.
2024-04-18 00:25:15,898 [ERROR] LogOutputStream:75 - [STDERR_REDIRECT] 
2024-04-18 00:25:15,900 [ERROR] LogOutputStream:75 - [STDERR_REDIRECT] Apr 18, 2024 12:25:15 AM java.util.prefs.FileSystemPreferences syncWorld
2024-04-18 00:25:15,900 [ERROR] LogOutputStream:75 - [STDERR_REDIRECT] WARNING: Couldn't flush system prefs: java.util.prefs.BackingStoreException: Couldn't get file lock.
2024-04-18 00:25:15,902 [ERROR] LogOutputStream:75 - [STDERR_REDIRECT] 
2024-04-18 00:25:45,893 [ERROR] LogOutputStream:75 - [STDERR_REDIRECT] Apr 18, 2024 12:25:45 AM java.util.prefs.FileSystemPreferences checkLockFile0ErrorCode
2024-04-18 00:25:45,896 [ERROR] LogOutputStream:75 - [STDERR_REDIRECT] WARNING: Could not lock System prefs. Unix error code 32441.
2024-04-18 00:25:45,898 [ERROR] LogOutputStream:75 - [STDERR_REDIRECT] 
2024-04-18 00:25:45,901 [ERROR] LogOutputStream:75 - [STDERR_REDIRECT] Apr 18, 2024 12:25:45 AM java.util.prefs.FileSystemPreferences syncWorld
2024-04-18 00:25:45,905 [ERROR] LogOutputStream:75 - [STDERR_REDIRECT] WARNING: Couldn't flush system prefs: java.util.prefs.BackingStoreException: Couldn't get file lock.
2024-04-18 00:25:45,907 [ERROR] LogOutputStream:75 - [STDERR_REDIRECT] 
2024-04-18 00:26:15,904 [ERROR] LogOutputStream:75 - [STDERR_REDIRECT] Apr 18, 2024 12:26:15 AM java.util.prefs.FileSystemPreferences checkLockFile0ErrorCode
2024-04-18 00:26:15,905 [ERROR] LogOutputStream:75 - [STDERR_REDIRECT] WARNING: Could not lock System prefs. Unix error code 32441.
2024-04-18 00:26:15,907 [ERROR] LogOutputStream:75 - [STDERR_REDIRECT] 
2024-04-18 00:26:15,909 [ERROR] LogOutputStream:75 - [STDERR_REDIRECT] Apr 18, 2024 12:26:15 AM java.util.prefs.FileSystemPreferences syncWorld
2024-04-18 00:26:15,910 [ERROR] LogOutputStream:75 - [STDERR_REDIRECT] WARNING: Couldn't flush system prefs: java.util.prefs.BackingStoreException: Couldn't get file lock.
2024-04-18 00:26:15,910 [ERROR] LogOutputStream:75 - [STDERR_REDIRECT] 
2024-04-18 00:26:45,892 [ERROR] LogOutputStream:75 - [STDERR_REDIRECT] Apr 18, 2024 12:26:45 AM java.util.prefs.FileSystemPreferences checkLockFile0ErrorCode
2024-04-18 00:26:45,896 [ERROR] LogOutputStream:75 - [STDERR_REDIRECT] WARNING: Could not lock System prefs. Unix error code 32441.
2024-04-18 00:26:45,897 [ERROR] LogOutputStream:75 - [STDERR_REDIRECT] 
2024-04-18 00:26:45,898 [ERROR] LogOutputStream:75 - [STDERR_REDIRECT] Apr 18, 2024 12:26:45 AM java.util.prefs.FileSystemPreferences syncWorld
2024-04-18 00:26:45,898 [ERROR] LogOutputStream:75 - [STDERR_REDIRECT] WARNING: Couldn't flush system prefs: java.util.prefs.BackingStoreException: Couldn't get file lock.
2024-04-18 00:26:45,898 [ERROR] LogOutputStream:75 - [STDERR_REDIRECT] 
2024-04-18 00:27:15,898 [ERROR] LogOutputStream:75 - [STDERR_REDIRECT] Apr 18, 2024 12:27:15 AM java.util.prefs.FileSystemPreferences checkLockFile0ErrorCode
2024-04-18 00:27:15,901 [ERROR] LogOutputStream:75 - [STDERR_REDIRECT] WARNING: Could not lock System prefs. Unix error code 32441.
2024-04-18 00:27:15,901 [ERROR] LogOutputStream:75 - [STDERR_REDIRECT] 
2024-04-18 00:27:15,906 [ERROR] LogOutputStream:75 - [STDERR_REDIRECT] Apr 18, 2024 12:27:15 AM java.util.prefs.FileSystemPreferences syncWorld
2024-04-18 00:27:15,907 [ERROR] LogOutputStream:75 - [STDERR_REDIRECT] WARNING: Couldn't flush system prefs: java.util.prefs.BackingStoreException: Couldn't get file lock.
2024-04-18 00:27:15,907 [ERROR] LogOutputStream:75 - [STDERR_REDIRECT] 
2024-04-18 00:27:45,901 [ERROR] LogOutputStream:75 - [STDERR_REDIRECT] Apr 18, 2024 12:27:45 AM java.util.prefs.FileSystemPreferences checkLockFile0ErrorCode
2024-04-18 00:27:45,902 [ERROR] LogOutputStream:75 - [STDERR_REDIRECT] WARNING: Could not lock System prefs. Unix error code 32441.
2024-04-18 00:27:45,902 [ERROR] LogOutputStream:75 - [STDERR_REDIRECT] 
2024-04-18 00:27:45,903 [ERROR] LogOutputStream:75 - [STDERR_REDIRECT] Apr 18, 2024 12:27:45 AM java.util.prefs.FileSystemPreferences syncWorld
2024-04-18 00:27:45,907 [ERROR] LogOutputStream:75 - [STDERR_REDIRECT] WARNING: Couldn't flush system prefs: java.util.prefs.BackingStoreException: Couldn't get file lock.
2024-04-18 00:27:45,907 [ERROR] LogOutputStream:75 - [STDERR_REDIRECT] 
2024-04-18 00:28:15,892 [ERROR] LogOutputStream:75 - [STDERR_REDIRECT] Apr 18, 2024 12:28:15 AM java.util.prefs.FileSystemPreferences checkLockFile0ErrorCode
2024-04-18 00:28:15,893 [ERROR] LogOutputStream:75 - [STDERR_REDIRECT] WARNING: Could not lock System prefs. Unix error code 32441.
2024-04-18 00:28:15,893 [ERROR] LogOutputStream:75 - [STDERR_REDIRECT] 
2024-04-18 00:28:15,896 [ERROR] LogOutputStream:75 - [STDERR_REDIRECT] Apr 18, 2024 12:28:15 AM java.util.prefs.FileSystemPreferences syncWorld
2024-04-18 00:28:15,896 [ERROR] LogOutputStream:75 - [STDERR_REDIRECT] WARNING: Couldn't flush system prefs: java.util.prefs.BackingStoreException: Couldn't get file lock.
2024-04-18 00:28:15,897 [ERROR] LogOutputStream:75 - [STDERR_REDIRECT] 
2024-04-18 00:28:45,892 [ERROR] LogOutputStream:75 - [STDERR_REDIRECT] Apr 18, 2024 12:28:45 AM java.util.prefs.FileSystemPreferences checkLockFile0ErrorCode
2024-04-18 00:28:45,895 [ERROR] LogOutputStream:75 - [STDERR_REDIRECT] WARNING: Could not lock System prefs. Unix error code 32441.
2024-04-18 00:28:45,897 [ERROR] LogOutputStream:75 - [STDERR_REDIRECT] 
2024-04-18 00:28:45,901 [ERROR] LogOutputStream:75 - [STDERR_REDIRECT] Apr 18, 2024 12:28:45 AM java.util.prefs.FileSystemPreferences syncWorld
2024-04-18 00:28:45,902 [ERROR] LogOutputStream:75 - [STDERR_REDIRECT] WARNING: Couldn't flush system prefs: java.util.prefs.BackingStoreException: Couldn't get file lock.
2024-04-18 00:28:45,903 [ERROR] LogOutputStream:75 - [STDERR_REDIRECT] 
2024-04-18 00:29:15,891 [ERROR] LogOutputStream:75 - [STDERR_REDIRECT] Apr 18, 2024 12:29:15 AM java.util.prefs.FileSystemPreferences checkLockFile0ErrorCode
2024-04-18 00:29:15,898 [ERROR] LogOutputStream:75 - [STDERR_REDIRECT] WARNING: Could not lock System prefs. Unix error code 32441.
2024-04-18 00:29:15,898 [ERROR] LogOutputStream:75 - [STDERR_REDIRECT] 
2024-04-18 00:29:15,931 [ERROR] LogOutputStream:75 - [STDERR_REDIRECT] Apr 18, 2024 12:29:15 AM java.util.prefs.FileSystemPreferences syncWorld
2024-04-18 00:29:15,932 [ERROR] LogOutputStream:75 - [STDERR_REDIRECT] WARNING: Couldn't flush system prefs: java.util.prefs.BackingStoreException: Couldn't get file lock.
2024-04-18 00:29:15,932 [ERROR] LogOutputStream:75 - [STDERR_REDIRECT] 
2024-04-18 00:29:45,986 [ERROR] LogOutputStream:75 - [STDERR_REDIRECT] Apr 18, 2024 12:29:45 AM java.util.prefs.FileSystemPreferences checkLockFile0ErrorCode
2024-04-18 00:29:45,987 [ERROR] LogOutputStream:75 - [STDERR_REDIRECT] WARNING: Could not lock System prefs. Unix error code 32441.
2024-04-18 00:29:45,988 [ERROR] LogOutputStream:75 - [STDERR_REDIRECT] 
2024-04-18 00:29:45,992 [ERROR] LogOutputStream:75 - [STDERR_REDIRECT] Apr 18, 2024 12:29:45 AM java.util.prefs.FileSystemPreferences syncWorld
2024-04-18 00:29:45,997 [ERROR] LogOutputStream:75 - [STDERR_REDIRECT] WARNING: Couldn't flush system prefs: java.util.prefs.BackingStoreException: Couldn't get file lock.
2024-04-18 00:29:45,998 [ERROR] LogOutputStream:75 - [STDERR_REDIRECT] 
2024-04-18 00:29:53,693 [ERROR] LogOutputStream:75 - [STDERR_REDIRECT] 
2024-04-18 00:29:53,713 [ERROR] LogOutputStream:75 - [STDERR_REDIRECT] 
